/*C3*/SET SCHEMA PUBLIC
DISCONNECT
/*C4*/SET SCHEMA PUBLIC
DELETE FROM DOCUMENTOCOMERCIAL_DETALLES WHERE DOCUMENTOCOMERCIAL_OID='402881ee926c2a7901926c3185920002' AND CANTIDAD=5 AND PRODUCTO_NUMERO=1 AND PRECIOPORUNIDAD IS NULL
DELETE FROM DOCUMENTOCOMERCIAL_DETALLES WHERE DOCUMENTOCOMERCIAL_OID='402881ee926c2a7901926c3185920002' AND CANTIDAD=10 AND PRODUCTO_NUMERO=3 AND PRECIOPORUNIDAD IS NULL
INSERT INTO DOCUMENTOCOMERCIAL_DETALLES VALUES('402881ee926c2a7901926c3185920002',5,1,NULL)
INSERT INTO DOCUMENTOCOMERCIAL_DETALLES VALUES('402881ee926c2a7901926c3185920002',10,3,NULL)
INSERT INTO DOCUMENTOCOMERCIAL_DETALLES VALUES('402881ee926c2a7901926c3185920002',3,2,180.00)
COMMIT
DELETE FROM DOCUMENTOCOMERCIAL_DETALLES WHERE DOCUMENTOCOMERCIAL_OID='402881ee926c2a7901926c3185920002' AND CANTIDAD=5 AND PRODUCTO_NUMERO=1 AND PRECIOPORUNIDAD IS NULL
DELETE FROM DOCUMENTOCOMERCIAL_DETALLES WHERE DOCUMENTOCOMERCIAL_OID='402881ee926c2a7901926c3185920002' AND CANTIDAD=10 AND PRODUCTO_NUMERO=3 AND PRECIOPORUNIDAD IS NULL
DELETE FROM DOCUMENTOCOMERCIAL_DETALLES WHERE DOCUMENTOCOMERCIAL_OID='402881ee926c2a7901926c3185920002' AND CANTIDAD=3 AND PRODUCTO_NUMERO=2 AND PRECIOPORUNIDAD=180.00
INSERT INTO DOCUMENTOCOMERCIAL_DETALLES VALUES('402881ee926c2a7901926c3185920002',5,1,50.00)
INSERT INTO DOCUMENTOCOMERCIAL_DETALLES VALUES('402881ee926c2a7901926c3185920002',10,3,20.00)
INSERT INTO DOCUMENTOCOMERCIAL_DETALLES VALUES('402881ee926c2a7901926c3185920002',3,2,180.00)
COMMIT
DELETE FROM DOCUMENTOCOMERCIAL_DETALLES WHERE DOCUMENTOCOMERCIAL_OID='402881ee926c0fff01926c112feb0000' AND CANTIDAD=1 AND PRODUCTO_NUMERO=2 AND PRECIOPORUNIDAD IS NULL
INSERT INTO DOCUMENTOCOMERCIAL_DETALLES VALUES('402881ee926c0fff01926c112feb0000',1,2,180.00)
COMMIT
DELETE FROM DOCUMENTOCOMERCIAL_DETALLES WHERE DOCUMENTOCOMERCIAL_OID='402881ee926c0fff01926c123e670001' AND CANTIDAD=1 AND PRODUCTO_NUMERO=2 AND PRECIOPORUNIDAD IS NULL
INSERT INTO DOCUMENTOCOMERCIAL_DETALLES VALUES('402881ee926c0fff01926c123e670001',1,2,180.00)
COMMIT
DELETE FROM DOCUMENTOCOMERCIAL_DETALLES WHERE DOCUMENTOCOMERCIAL_OID='402881ee926c2a7901926c310bf50001' AND CANTIDAD=5 AND PRODUCTO_NUMERO=1 AND PRECIOPORUNIDAD IS NULL
DELETE FROM DOCUMENTOCOMERCIAL_DETALLES WHERE DOCUMENTOCOMERCIAL_OID='402881ee926c2a7901926c310bf50001' AND CANTIDAD=10 AND PRODUCTO_NUMERO=3 AND PRECIOPORUNIDAD IS NULL
INSERT INTO DOCUMENTOCOMERCIAL_DETALLES VALUES('402881ee926c2a7901926c310bf50001',5,1,50.00)
INSERT INTO DOCUMENTOCOMERCIAL_DETALLES VALUES('402881ee926c2a7901926c310bf50001',10,3,20.00)
COMMIT
DELETE FROM PRODUCTO WHERE NUMERO=1
INSERT INTO PRODUCTO VALUES(1,'Rat\u00f3n Logitech','402881ee926b4d8601926b4de75c0000',NULL,'',100.00,NULL)
COMMIT
DELETE FROM DOCUMENTOCOMERCIAL_DETALLES WHERE DOCUMENTOCOMERCIAL_OID='402881ee926c0fff01926c123e670001' AND CANTIDAD=1 AND PRODUCTO_NUMERO=2 AND PRECIOPORUNIDAD=180.00
INSERT INTO DOCUMENTOCOMERCIAL_DETALLES VALUES('402881ee926c0fff01926c123e670001',1,2,180.00)
INSERT INTO DOCUMENTOCOMERCIAL_DETALLES VALUES('402881ee926c0fff01926c123e670001',2,1,100.00)
COMMIT
DELETE FROM DOCUMENTOCOMERCIAL_DETALLES WHERE DOCUMENTOCOMERCIAL_OID='402881ee926c0fff01926c112feb0000' AND CANTIDAD=1 AND PRODUCTO_NUMERO=2 AND PRECIOPORUNIDAD=180.00
INSERT INTO DOCUMENTOCOMERCIAL_DETALLES VALUES('402881ee926c0fff01926c112feb0000',1,2,180.00)
INSERT INTO DOCUMENTOCOMERCIAL_DETALLES VALUES('402881ee926c0fff01926c112feb0000',2,1,100.00)
COMMIT
DELETE FROM DOCUMENTOCOMERCIAL_DETALLES WHERE DOCUMENTOCOMERCIAL_OID='402881ee926c2a7901926c3185920002' AND CANTIDAD=5 AND PRODUCTO_NUMERO=1 AND PRECIOPORUNIDAD=50.00
DELETE FROM DOCUMENTOCOMERCIAL_DETALLES WHERE DOCUMENTOCOMERCIAL_OID='402881ee926c2a7901926c3185920002' AND CANTIDAD=10 AND PRODUCTO_NUMERO=3 AND PRECIOPORUNIDAD=20.00
DELETE FROM DOCUMENTOCOMERCIAL_DETALLES WHERE DOCUMENTOCOMERCIAL_OID='402881ee926c2a7901926c3185920002' AND CANTIDAD=3 AND PRODUCTO_NUMERO=2 AND PRECIOPORUNIDAD=180.00
DELETE FROM DOCUMENTOCOMERCIAL WHERE OID='402881ee926c2a7901926c3185920002'
COMMIT
DELETE FROM DOCUMENTOCOMERCIAL_DETALLES WHERE DOCUMENTOCOMERCIAL_OID='402881ee926c2a7901926c310bf50001' AND CANTIDAD=5 AND PRODUCTO_NUMERO=1 AND PRECIOPORUNIDAD=50.00
DELETE FROM DOCUMENTOCOMERCIAL_DETALLES WHERE DOCUMENTOCOMERCIAL_OID='402881ee926c2a7901926c310bf50001' AND CANTIDAD=10 AND PRODUCTO_NUMERO=3 AND PRECIOPORUNIDAD=20.00
DELETE FROM DOCUMENTOCOMERCIAL WHERE OID='402881ee926c2a7901926c310bf50001'
COMMIT
